2019-08-23 11:49:59,576 INFO org.springframework.boot.StartupInfoLogger [main] Starting OpenWeatherProviderIntegrationTest on bartman with PID 20124 (started by Matthias in C:\Users\Matthias\IdeaProjects\weather_information\backend)
2019-08-23 11:49:59,578 INFO org.springframework.boot.SpringApplication [main] No active profile set, falling back to default profiles: default
2019-08-23 11:50:01,312 INFO org.springframework.boot.web.embedded.tomcat.TomcatWebServer [main] Tomcat initialized with port(s): 8090 (http)
2019-08-23 11:50:01,332 INFO org.apache.juli.logging.DirectJDKLog [main] Initializing ProtocolHandler ["http-nio-8090"]
2019-08-23 11:50:01,349 INFO org.apache.juli.logging.DirectJDKLog [main] Starting service [Tomcat]
2019-08-23 11:50:01,350 INFO org.apache.juli.logging.DirectJDKLog [main] Starting Servlet engine: [Apache Tomcat/9.0.22]
2019-08-23 11:50:01,517 INFO org.apache.juli.logging.DirectJDKLog [main] Initializing Spring embedded WebApplicationContext
2019-08-23 11:50:01,517 INFO org.springframework.boot.web.servlet.context.ServletWebServerApplicationContext [main] Root WebApplicationContext: initialization completed in 1724 ms
2019-08-23 11:50:02,525 INFO springfox.documentation.spring.web.PropertySourcedRequestMappingHandlerMapping [main] Mapped URL path [/v2/api-docs] onto method [public org.springframework.http.ResponseEntity<springfox.documentation.spring.web.json.Json> springfox.documentation.swagger2.web.Swagger2Controller.getDocumentation(java.lang.String,javax.servlet.http.HttpServletRequest)]
2019-08-23 11:50:02,683 INFO org.springframework.scheduling.concurrent.ExecutorConfigurationSupport [main] Initializing ExecutorService 'applicationTaskExecutor'
2019-08-23 11:50:02,742 INFO org.springframework.boot.autoconfigure.web.servlet.WelcomePageHandlerMapping [main] Adding welcome page: class path resource [resources/index.html]
2019-08-23 11:50:02,891 INFO springfox.documentation.spring.web.plugins.DocumentationPluginsBootstrapper [main] Context refreshed
2019-08-23 11:50:02,918 INFO springfox.documentation.spring.web.plugins.DocumentationPluginsBootstrapper [main] Found 1 custom documentation plugin(s)
2019-08-23 11:50:02,953 INFO springfox.documentation.spring.web.scanners.ApiListingReferenceScanner [main] Scanning for api listing references
2019-08-23 11:50:03,110 INFO org.apache.juli.logging.DirectJDKLog [main] Starting ProtocolHandler ["http-nio-8090"]
2019-08-23 11:50:03,136 INFO org.springframework.boot.web.embedded.tomcat.TomcatWebServer [main] Tomcat started on port(s): 8090 (http) with context path '/weather'
2019-08-23 11:50:03,141 INFO org.springframework.boot.StartupInfoLogger [main] Started OpenWeatherProviderIntegrationTest in 3.893 seconds (JVM running for 5.061)
2019-08-23 11:50:03,814 INFO org.springframework.test.context.support.AbstractTestContextBootstrapper [main] Neither @ContextConfiguration nor @ContextHierarchy found for test class [de.mbis.demo.weather.service.provider.OpenWeatherProviderTest], using SpringBootContextLoader
2019-08-23 11:50:03,815 INFO org.springframework.test.context.support.AbstractContextLoader [main] Could not detect default resource locations for test class [de.mbis.demo.weather.service.provider.OpenWeatherProviderTest]: no resource found for suffixes {-context.xml, Context.groovy}.
2019-08-23 11:50:03,815 INFO org.springframework.test.context.support.AnnotationConfigContextLoaderUtils [main] Could not detect default configuration classes for test class [de.mbis.demo.weather.service.provider.OpenWeatherProviderTest]: OpenWeatherProviderTest does not declare any static, non-private, non-final, nested classes annotated with @Configuration.
2019-08-23 11:50:03,832 INFO org.springframework.boot.test.context.SpringBootTestContextBootstrapper [main] Found @SpringBootConfiguration de.mbis.demo.weather.service.WeatherInformationApplication for test class de.mbis.demo.weather.service.provider.OpenWeatherProviderTest
2019-08-23 11:50:03,832 INFO org.springframework.test.context.support.AbstractTestContextBootstrapper [main] Loaded default TestExecutionListener class names from location [META-INF/spring.factories]: [org.springframework.boot.test.mock.mockito.MockitoTestExecutionListener, org.springframework.boot.test.mock.mockito.ResetMocksTestExecutionListener, org.springframework.boot.test.autoconfigure.restdocs.RestDocsTestExecutionListener, org.springframework.boot.test.autoconfigure.web.client.MockRestServiceServerResetTestExecutionListener, org.springframework.boot.test.autoconfigure.web.servlet.MockMvcPrintOnlyOnFailureTestExecutionListener, org.springframework.boot.test.autoconfigure.web.servlet.WebDriverTestExecutionListener, org.springframework.test.context.web.ServletTestExecutionListener, org.springframework.test.context.support.DirtiesContextBeforeModesTestExecutionListener, org.springframework.test.context.support.DependencyInjectionTestExecutionListener, org.springframework.test.context.support.DirtiesContextTestExecutionListener, org.springframework.test.context.transaction.TransactionalTestExecutionListener, org.springframework.test.context.jdbc.SqlScriptsTestExecutionListener]
2019-08-23 11:50:03,833 INFO org.springframework.test.context.support.AbstractTestContextBootstrapper [main] Using TestExecutionListeners: [org.springframework.test.context.web.ServletTestExecutionListener@3487947c, org.springframework.test.context.support.DirtiesContextBeforeModesTestExecutionListener@77226121, org.springframework.boot.test.mock.mockito.MockitoTestExecutionListener@3117ac8d, org.springframework.boot.test.autoconfigure.SpringBootDependencyInjectionTestExecutionListener@760c777d, org.springframework.test.context.support.DirtiesContextTestExecutionListener@7ea039b4, org.springframework.boot.test.mock.mockito.ResetMocksTestExecutionListener@1aef7428, org.springframework.boot.test.autoconfigure.restdocs.RestDocsTestExecutionListener@1610c03c, org.springframework.boot.test.autoconfigure.web.client.MockRestServiceServerResetTestExecutionListener@332fa1c, org.springframework.boot.test.autoconfigure.web.servlet.MockMvcPrintOnlyOnFailureTestExecutionListener@7c200e57, org.springframework.boot.test.autoconfigure.web.servlet.WebDriverTestExecutionListener@1d0f7bcf]
2019-08-23 11:50:03,859 INFO org.springframework.boot.StartupInfoLogger [main] Starting OpenWeatherProviderTest on bartman with PID 20124 (started by Matthias in C:\Users\Matthias\IdeaProjects\weather_information\backend)
2019-08-23 11:50:03,860 INFO org.springframework.boot.SpringApplication [main] No active profile set, falling back to default profiles: default
2019-08-23 11:50:04,018 INFO org.springframework.boot.StartupInfoLogger [main] Started OpenWeatherProviderTest in 0.183 seconds (JVM running for 5.939)
2019-08-23 11:50:04,046 INFO org.springframework.test.context.support.AbstractTestContextBootstrapper [main] Neither @ContextConfiguration nor @ContextHierarchy found for test class [de.mbis.demo.weather.service.serverstatus.ServerStatusControllerTest], using SpringBootContextLoader
2019-08-23 11:50:04,047 INFO org.springframework.test.context.support.AbstractContextLoader [main] Could not detect default resource locations for test class [de.mbis.demo.weather.service.serverstatus.ServerStatusControllerTest]: no resource found for suffixes {-context.xml, Context.groovy}.
2019-08-23 11:50:04,047 INFO org.springframework.test.context.support.AnnotationConfigContextLoaderUtils [main] Could not detect default configuration classes for test class [de.mbis.demo.weather.service.serverstatus.ServerStatusControllerTest]: ServerStatusControllerTest does not declare any static, non-private, non-final, nested classes annotated with @Configuration.
2019-08-23 11:50:04,057 INFO org.springframework.boot.test.context.SpringBootTestContextBootstrapper [main] Found @SpringBootConfiguration de.mbis.demo.weather.service.WeatherInformationApplication for test class de.mbis.demo.weather.service.serverstatus.ServerStatusControllerTest
2019-08-23 11:50:04,058 INFO org.springframework.test.context.support.AbstractTestContextBootstrapper [main] Loaded default TestExecutionListener class names from location [META-INF/spring.factories]: [org.springframework.boot.test.mock.mockito.MockitoTestExecutionListener, org.springframework.boot.test.mock.mockito.ResetMocksTestExecutionListener, org.springframework.boot.test.autoconfigure.restdocs.RestDocsTestExecutionListener, org.springframework.boot.test.autoconfigure.web.client.MockRestServiceServerResetTestExecutionListener, org.springframework.boot.test.autoconfigure.web.servlet.MockMvcPrintOnlyOnFailureTestExecutionListener, org.springframework.boot.test.autoconfigure.web.servlet.WebDriverTestExecutionListener, org.springframework.test.context.web.ServletTestExecutionListener, org.springframework.test.context.support.DirtiesContextBeforeModesTestExecutionListener, org.springframework.test.context.support.DependencyInjectionTestExecutionListener, org.springframework.test.context.support.DirtiesContextTestExecutionListener, org.springframework.test.context.transaction.TransactionalTestExecutionListener, org.springframework.test.context.jdbc.SqlScriptsTestExecutionListener]
2019-08-23 11:50:04,059 INFO org.springframework.test.context.support.AbstractTestContextBootstrapper [main] Using TestExecutionListeners: [org.springframework.test.context.web.ServletTestExecutionListener@f0381f0, org.springframework.test.context.support.DirtiesContextBeforeModesTestExecutionListener@7d8d671b, org.springframework.boot.test.mock.mockito.MockitoTestExecutionListener@28b68067, org.springframework.boot.test.autoconfigure.SpringBootDependencyInjectionTestExecutionListener@19540247, org.springframework.test.context.support.DirtiesContextTestExecutionListener@acb1c9c, org.springframework.boot.test.mock.mockito.ResetMocksTestExecutionListener@1c681761, org.springframework.boot.test.autoconfigure.restdocs.RestDocsTestExecutionListener@411933, org.springframework.boot.test.autoconfigure.web.client.MockRestServiceServerResetTestExecutionListener@393e7546, org.springframework.boot.test.autoconfigure.web.servlet.MockMvcPrintOnlyOnFailureTestExecutionListener@6b43b101, org.springframework.boot.test.autoconfigure.web.servlet.WebDriverTestExecutionListener@37cc6017]
2019-08-23 11:50:04,733 INFO org.apache.juli.logging.DirectJDKLog [http-nio-8090-exec-1] Initializing Spring DispatcherServlet 'dispatcherServlet'
2019-08-23 11:50:04,734 INFO org.springframework.web.servlet.FrameworkServlet [http-nio-8090-exec-1] Initializing Servlet 'dispatcherServlet'
2019-08-23 11:50:04,754 INFO org.springframework.web.servlet.FrameworkServlet [http-nio-8090-exec-1] Completed initialization in 20 ms
2019-08-23 11:50:05,532 INFO org.springframework.mock.web.MockServletContext [main] Initializing Spring TestDispatcherServlet ''
2019-08-23 11:50:05,532 INFO org.springframework.web.servlet.FrameworkServlet [main] Initializing Servlet ''
2019-08-23 11:50:05,533 INFO org.springframework.web.servlet.FrameworkServlet [main] Completed initialization in 0 ms
2019-08-23 11:50:05,549 INFO de.mbis.demo.weather.service.weather.WeatherController [main] try to receive current weather for: Oelde
2019-08-23 11:50:05,576 INFO org.springframework.mock.web.MockServletContext [main] Initializing Spring TestDispatcherServlet ''
2019-08-23 11:50:05,577 INFO org.springframework.web.servlet.FrameworkServlet [main] Initializing Servlet ''
2019-08-23 11:50:05,577 INFO org.springframework.web.servlet.FrameworkServlet [main] Completed initialization in 0 ms
2019-08-23 11:50:05,578 INFO de.mbis.demo.weather.service.weather.WeatherController [main] try to receive current weather for: wrong
2019-08-23 11:50:05,580 ERROR de.mbis.demo.weather.service.weather.WeatherController [main] error on receiving current weather
de.mbis.demo.weather.service.exceptions.CityNotFoundException: City not found
	at de.mbis.demo.weather.service.weather.WeatherController.currentWeather(WeatherController.java:40)
	at java.base/jdk.internal.reflect.NativeMethodAccessorImpl.invoke0(Native Method)
	at java.base/jdk.internal.reflect.NativeMethodAccessorImpl.invoke(NativeMethodAccessorImpl.java:62)
	at java.base/jdk.internal.reflect.DelegatingMethodAccessorImpl.invoke(DelegatingMethodAccessorImpl.java:43)
	at java.base/java.lang.reflect.Method.invoke(Method.java:567)
	at org.springframework.web.method.support.InvocableHandlerMethod.doInvoke(InvocableHandlerMethod.java:190)
	at org.springframework.web.method.support.InvocableHandlerMethod.invokeForRequest(InvocableHandlerMethod.java:138)
	at org.springframework.web.servlet.mvc.method.annotation.ServletInvocableHandlerMethod.invokeAndHandle(ServletInvocableHandlerMethod.java:104)
	at org.springframework.web.servlet.mvc.method.annotation.RequestMappingHandlerAdapter.invokeHandlerMethod(RequestMappingHandlerAdapter.java:892)
	at org.springframework.web.servlet.mvc.method.annotation.RequestMappingHandlerAdapter.handleInternal(RequestMappingHandlerAdapter.java:797)
	at org.springframework.web.servlet.mvc.method.AbstractHandlerMethodAdapter.handle(AbstractHandlerMethodAdapter.java:87)
	at org.springframework.web.servlet.DispatcherServlet.doDispatch(DispatcherServlet.java:1039)
	at org.springframework.web.servlet.DispatcherServlet.doService(DispatcherServlet.java:942)
	at org.springframework.web.servlet.FrameworkServlet.processRequest(FrameworkServlet.java:1005)
	at org.springframework.web.servlet.FrameworkServlet.doGet(FrameworkServlet.java:897)
	at javax.servlet.http.HttpServlet.service(HttpServlet.java:634)
	at org.springframework.web.servlet.FrameworkServlet.service(FrameworkServlet.java:882)
	at org.springframework.test.web.servlet.TestDispatcherServlet.service(TestDispatcherServlet.java:71)
	at javax.servlet.http.HttpServlet.service(HttpServlet.java:741)
	at org.springframework.mock.web.MockFilterChain$ServletFilterProxy.doFilter(MockFilterChain.java:166)
	at org.springframework.mock.web.MockFilterChain.doFilter(MockFilterChain.java:133)
	at org.springframework.test.web.servlet.MockMvc.perform(MockMvc.java:182)
	at de.mbis.demo.weather.service.weather.WeatherControllerTest.get_error_on_unknown_city(WeatherControllerTest.java:59)
	at java.base/jdk.internal.reflect.NativeMethodAccessorImpl.invoke0(Native Method)
	at java.base/jdk.internal.reflect.NativeMethodAccessorImpl.invoke(NativeMethodAccessorImpl.java:62)
	at java.base/jdk.internal.reflect.DelegatingMethodAccessorImpl.invoke(DelegatingMethodAccessorImpl.java:43)
	at java.base/java.lang.reflect.Method.invoke(Method.java:567)
	at org.junit.platform.commons.util.ReflectionUtils.invokeMethod(ReflectionUtils.java:532)
	at org.junit.jupiter.engine.execution.ExecutableInvoker.invoke(ExecutableInvoker.java:115)
	at org.junit.jupiter.engine.descriptor.TestMethodTestDescriptor.lambda$invokeTestMethod$6(TestMethodTestDescriptor.java:171)
	at org.junit.platform.engine.support.hierarchical.ThrowableCollector.execute(ThrowableCollector.java:72)
	at org.junit.jupiter.engine.descriptor.TestMethodTestDescriptor.invokeTestMethod(TestMethodTestDescriptor.java:167)
	at org.junit.jupiter.engine.descriptor.TestMethodTestDescriptor.execute(TestMethodTestDescriptor.java:114)
	at org.junit.jupiter.engine.descriptor.TestMethodTestDescriptor.execute(TestMethodTestDescriptor.java:59)
	at org.junit.platform.engine.support.hierarchical.NodeTestTask.lambda$executeRecursively$4(NodeTestTask.java:108)
	at org.junit.platform.engine.support.hierarchical.ThrowableCollector.execute(ThrowableCollector.java:72)
	at org.junit.platform.engine.support.hierarchical.NodeTestTask.executeRecursively(NodeTestTask.java:98)
	at org.junit.platform.engine.support.hierarchical.NodeTestTask.execute(NodeTestTask.java:74)
	at java.base/java.util.ArrayList.forEach(ArrayList.java:1540)
	at org.junit.platform.engine.support.hierarchical.SameThreadHierarchicalTestExecutorService.invokeAll(SameThreadHierarchicalTestExecutorService.java:38)
	at org.junit.platform.engine.support.hierarchical.NodeTestTask.lambda$executeRecursively$4(NodeTestTask.java:112)
	at org.junit.platform.engine.support.hierarchical.ThrowableCollector.execute(ThrowableCollector.java:72)
	at org.junit.platform.engine.support.hierarchical.NodeTestTask.executeRecursively(NodeTestTask.java:98)
	at org.junit.platform.engine.support.hierarchical.NodeTestTask.execute(NodeTestTask.java:74)
	at java.base/java.util.ArrayList.forEach(ArrayList.java:1540)
	at org.junit.platform.engine.support.hierarchical.SameThreadHierarchicalTestExecutorService.invokeAll(SameThreadHierarchicalTestExecutorService.java:38)
	at org.junit.platform.engine.support.hierarchical.NodeTestTask.lambda$executeRecursively$4(NodeTestTask.java:112)
	at org.junit.platform.engine.support.hierarchical.ThrowableCollector.execute(ThrowableCollector.java:72)
	at org.junit.platform.engine.support.hierarchical.NodeTestTask.executeRecursively(NodeTestTask.java:98)
	at org.junit.platform.engine.support.hierarchical.NodeTestTask.execute(NodeTestTask.java:74)
	at org.junit.platform.engine.support.hierarchical.SameThreadHierarchicalTestExecutorService.submit(SameThreadHierarchicalTestExecutorService.java:32)
	at org.junit.platform.engine.support.hierarchical.HierarchicalTestExecutor.execute(HierarchicalTestExecutor.java:57)
	at org.junit.platform.engine.support.hierarchical.HierarchicalTestEngine.execute(HierarchicalTestEngine.java:51)
	at org.junit.platform.launcher.core.DefaultLauncher.execute(DefaultLauncher.java:220)
	at org.junit.platform.launcher.core.DefaultLauncher.lambda$execute$6(DefaultLauncher.java:188)
	at org.junit.platform.launcher.core.DefaultLauncher.withInterceptedStreams(DefaultLauncher.java:202)
	at org.junit.platform.launcher.core.DefaultLauncher.execute(DefaultLauncher.java:181)
	at org.junit.platform.launcher.core.DefaultLauncher.execute(DefaultLauncher.java:128)
	at com.intellij.junit5.JUnit5IdeaTestRunner.startRunnerWithArgs(JUnit5IdeaTestRunner.java:69)
	at com.intellij.rt.execution.junit.IdeaTestRunner$Repeater.startRunnerWithArgs(IdeaTestRunner.java:47)
	at com.intellij.rt.execution.junit.JUnitStarter.prepareStreamsAndStart(JUnitStarter.java:242)
	at com.intellij.rt.execution.junit.JUnitStarter.main(JUnitStarter.java:70)
2019-08-23 11:50:05,585 INFO org.springframework.test.context.support.AbstractTestContextBootstrapper [main] Neither @ContextConfiguration nor @ContextHierarchy found for test class [de.mbis.demo.weather.service.WeatherInformationApplicationTests], using SpringBootContextLoader
2019-08-23 11:50:05,586 INFO org.springframework.test.context.support.AbstractContextLoader [main] Could not detect default resource locations for test class [de.mbis.demo.weather.service.WeatherInformationApplicationTests]: no resource found for suffixes {-context.xml, Context.groovy}.
2019-08-23 11:50:05,586 INFO org.springframework.test.context.support.AnnotationConfigContextLoaderUtils [main] Could not detect default configuration classes for test class [de.mbis.demo.weather.service.WeatherInformationApplicationTests]: WeatherInformationApplicationTests does not declare any static, non-private, non-final, nested classes annotated with @Configuration.
2019-08-23 11:50:05,591 INFO org.springframework.boot.test.context.SpringBootTestContextBootstrapper [main] Found @SpringBootConfiguration de.mbis.demo.weather.service.WeatherInformationApplication for test class de.mbis.demo.weather.service.WeatherInformationApplicationTests
2019-08-23 11:50:05,592 INFO org.springframework.test.context.support.AbstractTestContextBootstrapper [main] Loaded default TestExecutionListener class names from location [META-INF/spring.factories]: [org.springframework.boot.test.mock.mockito.MockitoTestExecutionListener, org.springframework.boot.test.mock.mockito.ResetMocksTestExecutionListener, org.springframework.boot.test.autoconfigure.restdocs.RestDocsTestExecutionListener, org.springframework.boot.test.autoconfigure.web.client.MockRestServiceServerResetTestExecutionListener, org.springframework.boot.test.autoconfigure.web.servlet.MockMvcPrintOnlyOnFailureTestExecutionListener, org.springframework.boot.test.autoconfigure.web.servlet.WebDriverTestExecutionListener, org.springframework.test.context.web.ServletTestExecutionListener, org.springframework.test.context.support.DirtiesContextBeforeModesTestExecutionListener, org.springframework.test.context.support.DependencyInjectionTestExecutionListener, org.springframework.test.context.support.DirtiesContextTestExecutionListener, org.springframework.test.context.transaction.TransactionalTestExecutionListener, org.springframework.test.context.jdbc.SqlScriptsTestExecutionListener]
2019-08-23 11:50:05,593 INFO org.springframework.test.context.support.AbstractTestContextBootstrapper [main] Using TestExecutionListeners: [org.springframework.test.context.web.ServletTestExecutionListener@60660d21, org.springframework.test.context.support.DirtiesContextBeforeModesTestExecutionListener@2898c70d, org.springframework.boot.test.mock.mockito.MockitoTestExecutionListener@ec67be1, org.springframework.boot.test.autoconfigure.SpringBootDependencyInjectionTestExecutionListener@64a00fe0, org.springframework.test.context.support.DirtiesContextTestExecutionListener@347f0950, org.springframework.boot.test.mock.mockito.ResetMocksTestExecutionListener@5ab1107d, org.springframework.boot.test.autoconfigure.restdocs.RestDocsTestExecutionListener@671561b9, org.springframework.boot.test.autoconfigure.web.client.MockRestServiceServerResetTestExecutionListener@3aebdb4, org.springframework.boot.test.autoconfigure.web.servlet.MockMvcPrintOnlyOnFailureTestExecutionListener@4fd70118, org.springframework.boot.test.autoconfigure.web.servlet.WebDriverTestExecutionListener@1db7c267]
2019-08-23 11:50:05,603 INFO org.springframework.scheduling.concurrent.ExecutorConfigurationSupport [Thread-3] Shutting down ExecutorService 'applicationTaskExecutor'
2019-08-23 11:52:03,857 INFO org.springframework.boot.StartupInfoLogger [main] Starting OpenWeatherProviderIntegrationTest on bartman with PID 19904 (started by Matthias in C:\Users\Matthias\IdeaProjects\weather_information\backend)
2019-08-23 11:52:03,859 INFO org.springframework.boot.SpringApplication [main] No active profile set, falling back to default profiles: default
2019-08-23 11:52:05,655 INFO org.springframework.boot.web.embedded.tomcat.TomcatWebServer [main] Tomcat initialized with port(s): 8090 (http)
2019-08-23 11:52:05,679 INFO org.apache.juli.logging.DirectJDKLog [main] Initializing ProtocolHandler ["http-nio-8090"]
2019-08-23 11:52:05,697 INFO org.apache.juli.logging.DirectJDKLog [main] Starting service [Tomcat]
2019-08-23 11:52:05,698 INFO org.apache.juli.logging.DirectJDKLog [main] Starting Servlet engine: [Apache Tomcat/9.0.22]
2019-08-23 11:52:05,878 INFO org.apache.juli.logging.DirectJDKLog [main] Initializing Spring embedded WebApplicationContext
2019-08-23 11:52:05,878 INFO org.springframework.boot.web.servlet.context.ServletWebServerApplicationContext [main] Root WebApplicationContext: initialization completed in 1752 ms
2019-08-23 11:52:06,876 INFO springfox.documentation.spring.web.PropertySourcedRequestMappingHandlerMapping [main] Mapped URL path [/v2/api-docs] onto method [public org.springframework.http.ResponseEntity<springfox.documentation.spring.web.json.Json> springfox.documentation.swagger2.web.Swagger2Controller.getDocumentation(java.lang.String,javax.servlet.http.HttpServletRequest)]
2019-08-23 11:52:07,019 INFO org.springframework.scheduling.concurrent.ExecutorConfigurationSupport [main] Initializing ExecutorService 'applicationTaskExecutor'
2019-08-23 11:52:07,079 INFO org.springframework.boot.autoconfigure.web.servlet.WelcomePageHandlerMapping [main] Adding welcome page: class path resource [resources/index.html]
2019-08-23 11:52:07,226 INFO springfox.documentation.spring.web.plugins.DocumentationPluginsBootstrapper [main] Context refreshed
2019-08-23 11:52:07,252 INFO springfox.documentation.spring.web.plugins.DocumentationPluginsBootstrapper [main] Found 1 custom documentation plugin(s)
2019-08-23 11:52:07,284 INFO springfox.documentation.spring.web.scanners.ApiListingReferenceScanner [main] Scanning for api listing references
2019-08-23 11:52:07,433 INFO org.apache.juli.logging.DirectJDKLog [main] Starting ProtocolHandler ["http-nio-8090"]
2019-08-23 11:52:07,462 INFO org.springframework.boot.web.embedded.tomcat.TomcatWebServer [main] Tomcat started on port(s): 8090 (http) with context path '/weather'
2019-08-23 11:52:07,467 INFO org.springframework.boot.StartupInfoLogger [main] Started OpenWeatherProviderIntegrationTest in 4.022 seconds (JVM running for 5.201)
2019-08-23 11:52:08,112 INFO org.springframework.test.context.support.AbstractTestContextBootstrapper [main] Neither @ContextConfiguration nor @ContextHierarchy found for test class [de.mbis.demo.weather.service.provider.OpenWeatherProviderTest], using SpringBootContextLoader
2019-08-23 11:52:08,113 INFO org.springframework.test.context.support.AbstractContextLoader [main] Could not detect default resource locations for test class [de.mbis.demo.weather.service.provider.OpenWeatherProviderTest]: no resource found for suffixes {-context.xml, Context.groovy}.
2019-08-23 11:52:08,114 INFO org.springframework.test.context.support.AnnotationConfigContextLoaderUtils [main] Could not detect default configuration classes for test class [de.mbis.demo.weather.service.provider.OpenWeatherProviderTest]: OpenWeatherProviderTest does not declare any static, non-private, non-final, nested classes annotated with @Configuration.
2019-08-23 11:52:08,138 INFO org.springframework.boot.test.context.SpringBootTestContextBootstrapper [main] Found @SpringBootConfiguration de.mbis.demo.weather.service.WeatherInformationApplication for test class de.mbis.demo.weather.service.provider.OpenWeatherProviderTest
2019-08-23 11:52:08,138 INFO org.springframework.test.context.support.AbstractTestContextBootstrapper [main] Loaded default TestExecutionListener class names from location [META-INF/spring.factories]: [org.springframework.boot.test.mock.mockito.MockitoTestExecutionListener, org.springframework.boot.test.mock.mockito.ResetMocksTestExecutionListener, org.springframework.boot.test.autoconfigure.restdocs.RestDocsTestExecutionListener, org.springframework.boot.test.autoconfigure.web.client.MockRestServiceServerResetTestExecutionListener, org.springframework.boot.test.autoconfigure.web.servlet.MockMvcPrintOnlyOnFailureTestExecutionListener, org.springframework.boot.test.autoconfigure.web.servlet.WebDriverTestExecutionListener, org.springframework.test.context.web.ServletTestExecutionListener, org.springframework.test.context.support.DirtiesContextBeforeModesTestExecutionListener, org.springframework.test.context.support.DependencyInjectionTestExecutionListener, org.springframework.test.context.support.DirtiesContextTestExecutionListener, org.springframework.test.context.transaction.TransactionalTestExecutionListener, org.springframework.test.context.jdbc.SqlScriptsTestExecutionListener]
2019-08-23 11:52:08,140 INFO org.springframework.test.context.support.AbstractTestContextBootstrapper [main] Using TestExecutionListeners: [org.springframework.test.context.web.ServletTestExecutionListener@3c8dea0b, org.springframework.test.context.support.DirtiesContextBeforeModesTestExecutionListener@4b9beefe, org.springframework.boot.test.mock.mockito.MockitoTestExecutionListener@4cddc036, org.springframework.boot.test.autoconfigure.SpringBootDependencyInjectionTestExecutionListener@23d12a3a, org.springframework.test.context.support.DirtiesContextTestExecutionListener@70df41f9, org.springframework.boot.test.mock.mockito.ResetMocksTestExecutionListener@64a7ad02, org.springframework.boot.test.autoconfigure.restdocs.RestDocsTestExecutionListener@46590dd0, org.springframework.boot.test.autoconfigure.web.client.MockRestServiceServerResetTestExecutionListener@6c737fdb, org.springframework.boot.test.autoconfigure.web.servlet.MockMvcPrintOnlyOnFailureTestExecutionListener@66a93b25, org.springframework.boot.test.autoconfigure.web.servlet.WebDriverTestExecutionListener@3f3f554f]
2019-08-23 11:52:08,170 INFO org.springframework.boot.StartupInfoLogger [main] Starting OpenWeatherProviderTest on bartman with PID 19904 (started by Matthias in C:\Users\Matthias\IdeaProjects\weather_information\backend)
2019-08-23 11:52:08,171 INFO org.springframework.boot.SpringApplication [main] No active profile set, falling back to default profiles: default
2019-08-23 11:52:08,341 INFO org.springframework.boot.StartupInfoLogger [main] Started OpenWeatherProviderTest in 0.199 seconds (JVM running for 6.074)
2019-08-23 11:52:08,375 INFO org.springframework.test.context.support.AbstractTestContextBootstrapper [main] Neither @ContextConfiguration nor @ContextHierarchy found for test class [de.mbis.demo.weather.service.serverstatus.ServerStatusControllerTest], using SpringBootContextLoader
2019-08-23 11:52:08,376 INFO org.springframework.test.context.support.AbstractContextLoader [main] Could not detect default resource locations for test class [de.mbis.demo.weather.service.serverstatus.ServerStatusControllerTest]: no resource found for suffixes {-context.xml, Context.groovy}.
2019-08-23 11:52:08,377 INFO org.springframework.test.context.support.AnnotationConfigContextLoaderUtils [main] Could not detect default configuration classes for test class [de.mbis.demo.weather.service.serverstatus.ServerStatusControllerTest]: ServerStatusControllerTest does not declare any static, non-private, non-final, nested classes annotated with @Configuration.
2019-08-23 11:52:08,386 INFO org.springframework.boot.test.context.SpringBootTestContextBootstrapper [main] Found @SpringBootConfiguration de.mbis.demo.weather.service.WeatherInformationApplication for test class de.mbis.demo.weather.service.serverstatus.ServerStatusControllerTest
2019-08-23 11:52:08,387 INFO org.springframework.test.context.support.AbstractTestContextBootstrapper [main] Loaded default TestExecutionListener class names from location [META-INF/spring.factories]: [org.springframework.boot.test.mock.mockito.MockitoTestExecutionListener, org.springframework.boot.test.mock.mockito.ResetMocksTestExecutionListener, org.springframework.boot.test.autoconfigure.restdocs.RestDocsTestExecutionListener, org.springframework.boot.test.autoconfigure.web.client.MockRestServiceServerResetTestExecutionListener, org.springframework.boot.test.autoconfigure.web.servlet.MockMvcPrintOnlyOnFailureTestExecutionListener, org.springframework.boot.test.autoconfigure.web.servlet.WebDriverTestExecutionListener, org.springframework.test.context.web.ServletTestExecutionListener, org.springframework.test.context.support.DirtiesContextBeforeModesTestExecutionListener, org.springframework.test.context.support.DependencyInjectionTestExecutionListener, org.springframework.test.context.support.DirtiesContextTestExecutionListener, org.springframework.test.context.transaction.TransactionalTestExecutionListener, org.springframework.test.context.jdbc.SqlScriptsTestExecutionListener]
2019-08-23 11:52:08,388 INFO org.springframework.test.context.support.AbstractTestContextBootstrapper [main] Using TestExecutionListeners: [org.springframework.test.context.web.ServletTestExecutionListener@6cb43fd3, org.springframework.test.context.support.DirtiesContextBeforeModesTestExecutionListener@35f35c59, org.springframework.boot.test.mock.mockito.MockitoTestExecutionListener@2245ccaa, org.springframework.boot.test.autoconfigure.SpringBootDependencyInjectionTestExecutionListener@22b10124, org.springframework.test.context.support.DirtiesContextTestExecutionListener@6f36e806, org.springframework.boot.test.mock.mockito.ResetMocksTestExecutionListener@4088702d, org.springframework.boot.test.autoconfigure.restdocs.RestDocsTestExecutionListener@4c24c40a, org.springframework.boot.test.autoconfigure.web.client.MockRestServiceServerResetTestExecutionListener@6636448b, org.springframework.boot.test.autoconfigure.web.servlet.MockMvcPrintOnlyOnFailureTestExecutionListener@3e18e693, org.springframework.boot.test.autoconfigure.web.servlet.WebDriverTestExecutionListener@3d12f065]
2019-08-23 11:52:09,122 INFO org.apache.juli.logging.DirectJDKLog [http-nio-8090-exec-1] Initializing Spring DispatcherServlet 'dispatcherServlet'
2019-08-23 11:52:09,123 INFO org.springframework.web.servlet.FrameworkServlet [http-nio-8090-exec-1] Initializing Servlet 'dispatcherServlet'
2019-08-23 11:52:09,145 INFO org.springframework.web.servlet.FrameworkServlet [http-nio-8090-exec-1] Completed initialization in 22 ms
2019-08-23 11:52:09,882 INFO org.springframework.mock.web.MockServletContext [main] Initializing Spring TestDispatcherServlet ''
2019-08-23 11:52:09,882 INFO org.springframework.web.servlet.FrameworkServlet [main] Initializing Servlet ''
2019-08-23 11:52:09,883 INFO org.springframework.web.servlet.FrameworkServlet [main] Completed initialization in 0 ms
2019-08-23 11:52:09,901 INFO de.mbis.demo.weather.service.weather.WeatherController [main] try to receive current weather for: Oelde
2019-08-23 11:52:09,932 INFO org.springframework.mock.web.MockServletContext [main] Initializing Spring TestDispatcherServlet ''
2019-08-23 11:52:09,932 INFO org.springframework.web.servlet.FrameworkServlet [main] Initializing Servlet ''
2019-08-23 11:52:09,933 INFO org.springframework.web.servlet.FrameworkServlet [main] Completed initialization in 1 ms
2019-08-23 11:52:09,934 INFO de.mbis.demo.weather.service.weather.WeatherController [main] try to receive current weather for: wrong
2019-08-23 11:52:09,937 ERROR de.mbis.demo.weather.service.weather.WeatherController [main] error on receiving current weather
de.mbis.demo.weather.service.exceptions.CityNotFoundException: City not found
	at de.mbis.demo.weather.service.weather.WeatherController.currentWeather(WeatherController.java:40)
	at java.base/jdk.internal.reflect.NativeMethodAccessorImpl.invoke0(Native Method)
	at java.base/jdk.internal.reflect.NativeMethodAccessorImpl.invoke(NativeMethodAccessorImpl.java:62)
	at java.base/jdk.internal.reflect.DelegatingMethodAccessorImpl.invoke(DelegatingMethodAccessorImpl.java:43)
	at java.base/java.lang.reflect.Method.invoke(Method.java:567)
	at org.springframework.web.method.support.InvocableHandlerMethod.doInvoke(InvocableHandlerMethod.java:190)
	at org.springframework.web.method.support.InvocableHandlerMethod.invokeForRequest(InvocableHandlerMethod.java:138)
	at org.springframework.web.servlet.mvc.method.annotation.ServletInvocableHandlerMethod.invokeAndHandle(ServletInvocableHandlerMethod.java:104)
	at org.springframework.web.servlet.mvc.method.annotation.RequestMappingHandlerAdapter.invokeHandlerMethod(RequestMappingHandlerAdapter.java:892)
	at org.springframework.web.servlet.mvc.method.annotation.RequestMappingHandlerAdapter.handleInternal(RequestMappingHandlerAdapter.java:797)
	at org.springframework.web.servlet.mvc.method.AbstractHandlerMethodAdapter.handle(AbstractHandlerMethodAdapter.java:87)
	at org.springframework.web.servlet.DispatcherServlet.doDispatch(DispatcherServlet.java:1039)
	at org.springframework.web.servlet.DispatcherServlet.doService(DispatcherServlet.java:942)
	at org.springframework.web.servlet.FrameworkServlet.processRequest(FrameworkServlet.java:1005)
	at org.springframework.web.servlet.FrameworkServlet.doGet(FrameworkServlet.java:897)
	at javax.servlet.http.HttpServlet.service(HttpServlet.java:634)
	at org.springframework.web.servlet.FrameworkServlet.service(FrameworkServlet.java:882)
	at org.springframework.test.web.servlet.TestDispatcherServlet.service(TestDispatcherServlet.java:71)
	at javax.servlet.http.HttpServlet.service(HttpServlet.java:741)
	at org.springframework.mock.web.MockFilterChain$ServletFilterProxy.doFilter(MockFilterChain.java:166)
	at org.springframework.mock.web.MockFilterChain.doFilter(MockFilterChain.java:133)
	at org.springframework.test.web.servlet.MockMvc.perform(MockMvc.java:182)
	at de.mbis.demo.weather.service.weather.WeatherControllerTest.get_error_on_unknown_city(WeatherControllerTest.java:59)
	at java.base/jdk.internal.reflect.NativeMethodAccessorImpl.invoke0(Native Method)
	at java.base/jdk.internal.reflect.NativeMethodAccessorImpl.invoke(NativeMethodAccessorImpl.java:62)
	at java.base/jdk.internal.reflect.DelegatingMethodAccessorImpl.invoke(DelegatingMethodAccessorImpl.java:43)
	at java.base/java.lang.reflect.Method.invoke(Method.java:567)
	at org.junit.platform.commons.util.ReflectionUtils.invokeMethod(ReflectionUtils.java:532)
	at org.junit.jupiter.engine.execution.ExecutableInvoker.invoke(ExecutableInvoker.java:115)
	at org.junit.jupiter.engine.descriptor.TestMethodTestDescriptor.lambda$invokeTestMethod$6(TestMethodTestDescriptor.java:171)
	at org.junit.platform.engine.support.hierarchical.ThrowableCollector.execute(ThrowableCollector.java:72)
	at org.junit.jupiter.engine.descriptor.TestMethodTestDescriptor.invokeTestMethod(TestMethodTestDescriptor.java:167)
	at org.junit.jupiter.engine.descriptor.TestMethodTestDescriptor.execute(TestMethodTestDescriptor.java:114)
	at org.junit.jupiter.engine.descriptor.TestMethodTestDescriptor.execute(TestMethodTestDescriptor.java:59)
	at org.junit.platform.engine.support.hierarchical.NodeTestTask.lambda$executeRecursively$4(NodeTestTask.java:108)
	at org.junit.platform.engine.support.hierarchical.ThrowableCollector.execute(ThrowableCollector.java:72)
	at org.junit.platform.engine.support.hierarchical.NodeTestTask.executeRecursively(NodeTestTask.java:98)
	at org.junit.platform.engine.support.hierarchical.NodeTestTask.execute(NodeTestTask.java:74)
	at java.base/java.util.ArrayList.forEach(ArrayList.java:1540)
	at org.junit.platform.engine.support.hierarchical.SameThreadHierarchicalTestExecutorService.invokeAll(SameThreadHierarchicalTestExecutorService.java:38)
	at org.junit.platform.engine.support.hierarchical.NodeTestTask.lambda$executeRecursively$4(NodeTestTask.java:112)
	at org.junit.platform.engine.support.hierarchical.ThrowableCollector.execute(ThrowableCollector.java:72)
	at org.junit.platform.engine.support.hierarchical.NodeTestTask.executeRecursively(NodeTestTask.java:98)
	at org.junit.platform.engine.support.hierarchical.NodeTestTask.execute(NodeTestTask.java:74)
	at java.base/java.util.ArrayList.forEach(ArrayList.java:1540)
	at org.junit.platform.engine.support.hierarchical.SameThreadHierarchicalTestExecutorService.invokeAll(SameThreadHierarchicalTestExecutorService.java:38)
	at org.junit.platform.engine.support.hierarchical.NodeTestTask.lambda$executeRecursively$4(NodeTestTask.java:112)
	at org.junit.platform.engine.support.hierarchical.ThrowableCollector.execute(ThrowableCollector.java:72)
	at org.junit.platform.engine.support.hierarchical.NodeTestTask.executeRecursively(NodeTestTask.java:98)
	at org.junit.platform.engine.support.hierarchical.NodeTestTask.execute(NodeTestTask.java:74)
	at org.junit.platform.engine.support.hierarchical.SameThreadHierarchicalTestExecutorService.submit(SameThreadHierarchicalTestExecutorService.java:32)
	at org.junit.platform.engine.support.hierarchical.HierarchicalTestExecutor.execute(HierarchicalTestExecutor.java:57)
	at org.junit.platform.engine.support.hierarchical.HierarchicalTestEngine.execute(HierarchicalTestEngine.java:51)
	at org.junit.platform.launcher.core.DefaultLauncher.execute(DefaultLauncher.java:220)
	at org.junit.platform.launcher.core.DefaultLauncher.lambda$execute$6(DefaultLauncher.java:188)
	at org.junit.platform.launcher.core.DefaultLauncher.withInterceptedStreams(DefaultLauncher.java:202)
	at org.junit.platform.launcher.core.DefaultLauncher.execute(DefaultLauncher.java:181)
	at org.junit.platform.launcher.core.DefaultLauncher.execute(DefaultLauncher.java:128)
	at com.intellij.junit5.JUnit5IdeaTestRunner.startRunnerWithArgs(JUnit5IdeaTestRunner.java:69)
	at com.intellij.rt.execution.junit.IdeaTestRunner$Repeater.startRunnerWithArgs(IdeaTestRunner.java:47)
	at com.intellij.rt.execution.junit.JUnitStarter.prepareStreamsAndStart(JUnitStarter.java:242)
	at com.intellij.rt.execution.junit.JUnitStarter.main(JUnitStarter.java:70)
2019-08-23 11:52:09,942 INFO org.springframework.test.context.support.AbstractTestContextBootstrapper [main] Neither @ContextConfiguration nor @ContextHierarchy found for test class [de.mbis.demo.weather.service.WeatherInformationApplicationTests], using SpringBootContextLoader
2019-08-23 11:52:09,943 INFO org.springframework.test.context.support.AbstractContextLoader [main] Could not detect default resource locations for test class [de.mbis.demo.weather.service.WeatherInformationApplicationTests]: no resource found for suffixes {-context.xml, Context.groovy}.
2019-08-23 11:52:09,943 INFO org.springframework.test.context.support.AnnotationConfigContextLoaderUtils [main] Could not detect default configuration classes for test class [de.mbis.demo.weather.service.WeatherInformationApplicationTests]: WeatherInformationApplicationTests does not declare any static, non-private, non-final, nested classes annotated with @Configuration.
2019-08-23 11:52:09,947 INFO org.springframework.boot.test.context.SpringBootTestContextBootstrapper [main] Found @SpringBootConfiguration de.mbis.demo.weather.service.WeatherInformationApplication for test class de.mbis.demo.weather.service.WeatherInformationApplicationTests
2019-08-23 11:52:09,948 INFO org.springframework.test.context.support.AbstractTestContextBootstrapper [main] Loaded default TestExecutionListener class names from location [META-INF/spring.factories]: [org.springframework.boot.test.mock.mockito.MockitoTestExecutionListener, org.springframework.boot.test.mock.mockito.ResetMocksTestExecutionListener, org.springframework.boot.test.autoconfigure.restdocs.RestDocsTestExecutionListener, org.springframework.boot.test.autoconfigure.web.client.MockRestServiceServerResetTestExecutionListener, org.springframework.boot.test.autoconfigure.web.servlet.MockMvcPrintOnlyOnFailureTestExecutionListener, org.springframework.boot.test.autoconfigure.web.servlet.WebDriverTestExecutionListener, org.springframework.test.context.web.ServletTestExecutionListener, org.springframework.test.context.support.DirtiesContextBeforeModesTestExecutionListener, org.springframework.test.context.support.DependencyInjectionTestExecutionListener, org.springframework.test.context.support.DirtiesContextTestExecutionListener, org.springframework.test.context.transaction.TransactionalTestExecutionListener, org.springframework.test.context.jdbc.SqlScriptsTestExecutionListener]
2019-08-23 11:52:09,950 INFO org.springframework.test.context.support.AbstractTestContextBootstrapper [main] Using TestExecutionListeners: [org.springframework.test.context.web.ServletTestExecutionListener@40aaf656, org.springframework.test.context.support.DirtiesContextBeforeModesTestExecutionListener@5a183fa6, org.springframework.boot.test.mock.mockito.MockitoTestExecutionListener@167ccc3c, org.springframework.boot.test.autoconfigure.SpringBootDependencyInjectionTestExecutionListener@292b7a02, org.springframework.test.context.support.DirtiesContextTestExecutionListener@3e242137, org.springframework.boot.test.mock.mockito.ResetMocksTestExecutionListener@25dacc5a, org.springframework.boot.test.autoconfigure.restdocs.RestDocsTestExecutionListener@55b7f9f1, org.springframework.boot.test.autoconfigure.web.client.MockRestServiceServerResetTestExecutionListener@273e622f, org.springframework.boot.test.autoconfigure.web.servlet.MockMvcPrintOnlyOnFailureTestExecutionListener@380cd266, org.springframework.boot.test.autoconfigure.web.servlet.WebDriverTestExecutionListener@4b477121]
2019-08-23 11:52:09,960 INFO org.springframework.scheduling.concurrent.ExecutorConfigurationSupport [Thread-3] Shutting down ExecutorService 'applicationTaskExecutor'
